-------------------------------------------------------------------------------
Test set: com.gardengroup.agroplantationapp.PublicationTests.PublicationTest
-------------------------------------------------------------------------------
Tests run: 3, Failures: 3, Errors: 0, Skipped: 0, Time elapsed: 22.01 s <<< FAILURE! -- in com.gardengroup.agroplantationapp.PublicationTests.PublicationTest
com.gardengroup.agroplantationapp.PublicationTests.PublicationTest.shouldSavePublication -- Time elapsed: 0.974 s <<< FAILURE!
java.lang.AssertionError: Status expected:<201> but was:<501>
	at org.springframework.test.util.AssertionErrors.fail(AssertionErrors.java:59)
	at org.springframework.test.util.AssertionErrors.assertEquals(AssertionErrors.java:122)
	at org.springframework.test.web.servlet.result.StatusResultMatchers.lambda$matcher$9(StatusResultMatchers.java:637)
	at org.springframework.test.web.servlet.MockMvc$1.andExpect(MockMvc.java:214)
	at com.gardengroup.agroplantationapp.PublicationTests.PublicationTest.shouldSavePublication(PublicationTest.java:111)
	at java.base/java.lang.reflect.Method.invoke(Method.java:568)
	at java.base/java.util.ArrayList.forEach(ArrayList.java:1511)
	at java.base/java.util.ArrayList.forEach(ArrayList.java:1511)

com.gardengroup.agroplantationapp.PublicationTests.PublicationTest.shouldGetPublicationsByAleatory -- Time elapsed: 2.525 s <<< FAILURE!
java.lang.AssertionError: Status expected:<200> but was:<404>
	at org.springframework.test.util.AssertionErrors.fail(AssertionErrors.java:59)
	at org.springframework.test.util.AssertionErrors.assertEquals(AssertionErrors.java:122)
	at org.springframework.test.web.servlet.result.StatusResultMatchers.lambda$matcher$9(StatusResultMatchers.java:637)
	at org.springframework.test.web.servlet.MockMvc$1.andExpect(MockMvc.java:214)
	at com.gardengroup.agroplantationapp.PublicationTests.PublicationTest.shouldGetPublicationsByAleatory(PublicationTest.java:195)
	at java.base/java.lang.reflect.Method.invoke(Method.java:568)
	at java.base/java.util.ArrayList.forEach(ArrayList.java:1511)
	at java.base/java.util.ArrayList.forEach(ArrayList.java:1511)

com.gardengroup.agroplantationapp.PublicationTests.PublicationTest.shouldGetOnePublication -- Time elapsed: 0.033 s <<< FAILURE!
java.lang.AssertionError: Status expected:<201> but was:<501>
	at org.springframework.test.util.AssertionErrors.fail(AssertionErrors.java:59)
	at org.springframework.test.util.AssertionErrors.assertEquals(AssertionErrors.java:122)
	at org.springframework.test.web.servlet.result.StatusResultMatchers.lambda$matcher$9(StatusResultMatchers.java:637)
	at org.springframework.test.web.servlet.MockMvc$1.andExpect(MockMvc.java:214)
	at com.gardengroup.agroplantationapp.PublicationTests.PublicationTest.shouldGetOnePublication(PublicationTest.java:128)
	at java.base/java.lang.reflect.Method.invoke(Method.java:568)
	at java.base/java.util.ArrayList.forEach(ArrayList.java:1511)
	at java.base/java.util.ArrayList.forEach(ArrayList.java:1511)

